Unity Editor version:    2021.3.35f1 (157b46ce122a)
Branch:                  2021.3/staging
Build type:              Release
Batch mode:              YES
macOS version:           Version 14.3.1 (Build 23D60)
Darwin version:          23.3.0
Architecture:            arm64
Running under Rosetta:   NO
Available memory:        16384 MB
Using pre-set license
Pro License: YES

COMMAND LINE ARGUMENTS:
/Applications/Unity/Hub/Editor/2021.3.35f1/Unity.app/Contents/MacOS/Unity
-adb2
-batchMode
-noUpm
-name
AssetImportWorker0
-projectPath
/Users/usuario/Documents/GitHub/promotionalvideo/AR_Template_Project
-logFile
Logs/AssetImportWorker0.log
-srvPort
49199
Successfully changed project path to: /Users/usuario/Documents/GitHub/promotionalvideo/AR_Template_Project
/Users/usuario/Documents/GitHub/promotionalvideo/AR_Template_Project
[UnityMemory] Configuration Parameters - Can be set up in boot.config
    "memorysetup-bucket-allocator-granularity=16"
    "memorysetup-bucket-allocator-bucket-count=8"
    "memorysetup-bucket-allocator-block-size=33554432"
    "memorysetup-bucket-allocator-block-count=8"
    "memorysetup-main-allocator-block-size=16777216"
    "memorysetup-thread-allocator-block-size=16777216"
    "memorysetup-gfx-main-allocator-block-size=16777216"
    "memorysetup-gfx-thread-allocator-block-size=16777216"
    "memorysetup-cache-allocator-block-size=4194304"
    "memorysetup-typetree-allocator-block-size=2097152"
    "memorysetup-profiler-bucket-allocator-granularity=16"
    "memorysetup-profiler-bucket-allocator-bucket-count=8"
    "memorysetup-profiler-bucket-allocator-block-size=33554432"
    "memorysetup-profiler-bucket-allocator-block-count=8"
    "memorysetup-profiler-allocator-block-size=16777216"
    "memorysetup-profiler-editor-allocator-block-size=1048576"
    "memorysetup-temp-allocator-size-main=16777216"
    "memorysetup-job-temp-allocator-block-size=2097152"
    "memorysetup-job-temp-allocator-block-size-background=1048576"
    "memorysetup-job-temp-allocator-reduction-small-platforms=262144"
    "memorysetup-temp-allocator-size-background-worker=32768"
    "memorysetup-temp-allocator-size-job-worker=262144"
    "memorysetup-temp-allocator-size-preload-manager=33554432"
    "memorysetup-temp-allocator-size-nav-mesh-worker=65536"
    "memorysetup-temp-allocator-size-audio-worker=65536"
    "memorysetup-temp-allocator-size-cloud-worker=32768"
    "memorysetup-temp-allocator-size-gi-baking-worker=262144"
    "memorysetup-temp-allocator-size-gfx=262144"
Player connection [7916198976] Host "[IP] 192.168.11.180 [Port] 0 [Flags] 2 [Guid] 2320826439 [EditorId] 2320826439 [Version] 1048832 [Id] OSXEditor(0,pc180-11.11001828.11.andared.ced.junta-andalucia.es) [Debug] 1 [PackageName] OSXEditor [ProjectName] Editor" joined multi-casting on [225.0.0.222:54997]...

Player connection [7916198976] Host "[IP] 192.168.11.180 [Port] 0 [Flags] 2 [Guid] 2320826439 [EditorId] 2320826439 [Version] 1048832 [Id] OSXEditor(0,pc180-11.11001828.11.andared.ced.junta-andalucia.es) [Debug] 1 [PackageName] OSXEditor [ProjectName] Editor" joined alternative multi-casting on [225.0.0.222:34997]...

[Physics::Module] Initialized MultithreadedJobDispatcher with {0} workers.
Refreshing native plugins compatible for Editor in 71.75 ms, found 2 plugins.
Preloading 0 native plugins for Editor in 0.00 ms.
Initialize engine version: 2021.3.35f1 (157b46ce122a)
[Subsystems] Discovering subsystems at path /Applications/Unity/Hub/Editor/2021.3.35f1/Unity.app/Contents/Resources/UnitySubsystems
[Subsystems] Discovering subsystems at path /Users/usuario/Documents/GitHub/promotionalvideo/AR_Template_Project/Assets
GfxDevice: creating device client; threaded=0; jobified=0
 preferred device: Apple M2 Pro (high power)
Metal devices available: 1
0: Apple M2 Pro (high power)
Using device Apple M2 Pro (high power)
Initializing Metal device caps: Apple M2 Pro
Initialize mono
Mono path[0] = '/Applications/Unity/Hub/Editor/2021.3.35f1/Unity.app/Contents/Managed'
Mono path[1] = '/Applications/Unity/Hub/Editor/2021.3.35f1/Unity.app/Contents/MonoBleedingEdge/lib/mono/unityjit-macos'
Mono config path = '/Applications/Unity/Hub/Editor/2021.3.35f1/Unity.app/Contents/MonoBleedingEdge/etc'
Using monoOptions --debugger-agent=transport=dt_socket,embedding=1,server=y,suspend=n,address=127.0.0.1:56001
Begin MonoManager ReloadAssembly
Registering precompiled unity dll's ...
Register platform support module: /Applications/Unity/Hub/Editor/2021.3.35f1/Unity.app/Contents/PlaybackEngines/MacStandaloneSupport/UnityEditor.OSXStandalone.Extensions.dll
Register platform support module: /Applications/Unity/Hub/Editor/2021.3.35f1/PlaybackEngines/iOSSupport/UnityEditor.iOS.Extensions.dll
Registered in 0.000478 seconds.
[usbmuxd] Start listen thread
[usbmuxd] Listen thread started
[usbmuxd] Send listen message
Native extension for iOS target not found
[usbmuxd] Attached: 2 00008110-000C711A0EA2401E
Native extension for OSXStandalone target not found
Refreshing native plugins compatible for Editor in 70.51 ms, found 2 plugins.
Preloading 0 native plugins for Editor in 0.00 ms.
Mono: successfully reloaded assembly
- Completed reload, in  0.428 seconds
Domain Reload Profiling:
	ReloadAssembly (428ms)
		BeginReloadAssembly (56ms)
			ExecutionOrderSort (0ms)
			DisableScriptedObjects (0ms)
			BackupInstance (0ms)
			ReleaseScriptingObjects (0ms)
			CreateAndSetChildDomain (0ms)
		EndReloadAssembly (321ms)
			LoadAssemblies (57ms)
			RebuildTransferFunctionScriptingTraits (0ms)
			SetupTypeCache (62ms)
			ReleaseScriptCaches (0ms)
			RebuildScriptCaches (16ms)
			SetupLoadedEditorAssemblies (220ms)
				LogAssemblyErrors (0ms)
				InitializePlatformSupportModulesInManaged (60ms)
				SetLoadedEditorAssemblies (0ms)
				RefreshPlugins (71ms)
				BeforeProcessingInitializeOnLoad (1ms)
				ProcessInitializeOnLoadAttributes (69ms)
				ProcessInitializeOnLoadMethodAttributes (20ms)
				AfterProcessingInitializeOnLoad (0ms)
				EditorAssembliesLoaded (0ms)
			ExecutionOrderSort2 (0ms)
			AwakeInstancesAfterBackupRestoration (0ms)
Platform modules already initialized, skipping
Registering precompiled user dll's ...
Registered in 0.001360 seconds.
Begin MonoManager ReloadAssembly
Native extension for iOS target not found
Native extension for OSXStandalone target not found
Refreshing native plugins compatible for Editor in 73.74 ms, found 2 plugins.
Preloading 0 native plugins for Editor in 0.00 ms.
Package Manager log level set to [2]
[Package Manager] Server::EnsureServerProcessIsRunning -- launch failed, reason: Unity was launched with the -noUpm command-line argument
[Package Manager] Cannot connect to Unity Package Manager local server
[Package Manager] Server::EnsureServerProcessIsRunning -- launch failed, reason: Unity was launched with the -noUpm command-line argument
[Package Manager] Cannot connect to Unity Package Manager local server
Mono: successfully reloaded assembly
- Completed reload, in  1.011 seconds
Domain Reload Profiling:
	ReloadAssembly (1012ms)
		BeginReloadAssembly (59ms)
			ExecutionOrderSort (0ms)
			DisableScriptedObjects (3ms)
			BackupInstance (0ms)
			ReleaseScriptingObjects (0ms)
			CreateAndSetChildDomain (14ms)
		EndReloadAssembly (897ms)
			LoadAssemblies (61ms)
			RebuildTransferFunctionScriptingTraits (0ms)
			SetupTypeCache (149ms)
			ReleaseScriptCaches (1ms)
			RebuildScriptCaches (35ms)
			SetupLoadedEditorAssemblies (634ms)
				LogAssemblyErrors (0ms)
				InitializePlatformSupportModulesInManaged (10ms)
				SetLoadedEditorAssemblies (0ms)
				RefreshPlugins (74ms)
				BeforeProcessingInitializeOnLoad (61ms)
				ProcessInitializeOnLoadAttributes (452ms)
				ProcessInitializeOnLoadMethodAttributes (38ms)
				AfterProcessingInitializeOnLoad (1ms)
				EditorAssembliesLoaded (0ms)
			ExecutionOrderSort2 (0ms)
			AwakeInstancesAfterBackupRestoration (2ms)
Platform modules already initialized, skipping
========================================================================
Worker process is ready to serve import requests
Launching external process: /Applications/Unity/Hub/Editor/2021.3.35f1/Unity.app/Contents/Tools/UnityShaderCompiler
Launched and connected shader compiler UnityShaderCompiler after 0.04 seconds
Refreshing native plugins compatible for Editor in 0.53 ms, found 2 plugins.
Preloading 0 native plugins for Editor in 0.00 ms.
Unloading 5221 Unused Serialized files (Serialized files now loaded: 0)
Unloading 37 unused Assets / (0.9 MB). Loaded Objects now: 5671.
Memory consumption went from 201.3 MB to 200.3 MB.
Total: 2.462292 ms (FindLiveObjects: 0.134833 ms CreateObjectMapping: 0.075625 ms MarkObjects: 2.025042 ms  DeleteObjects: 0.226250 ms)

AssetImportParameters requested are different than current active one (requested -> active):
  custom:video-decoder-ogg-theora: a1e56fd34408186e4bbccfd4996cb3dc -> 
  custom:container-muxer-webm: aa71ff27fc2769a1b78a27578f13a17b -> 
  custom:container-demuxer-webm: 4f35f7cbe854078d1ac9338744f61a02 -> 
  custom:video-encoder-webm-vp8: eb34c28f22e8b96e1ab97ce403110664 -> 
  custom:framework-osx-AVFoundation: e770b220cccbd017edd2c1fefb359320 -> 
  custom:CustomObjectIndexerAttribute: 6b0e35c9178b02a6363f3721b7b8e397 -> 
  custom:audio-encoder-webm-vorbis: bf7c407c2cedff20999df2af8eb42d56 -> 
  custom:SearchIndexIgnoredProperties: e643bd26f0fe6173181afceb89e7c659 -> 
  custom:container-demuxer-ogg: 62fdf1f143b41e24485cea50d1cbac27 -> 
  custom:video-decoder-webm-vp8: 9c59270c3fd7afecdb556c50c9e8de78 -> 
  custom:audio-decoder-ogg-vorbis: bf7c407c2cedff20999df2af8eb42d56 -> 
========================================================================
Received Import Request.
  Time since last request: 804.371672 seconds.
  path: Assets/Settings/SampleSceneProfile.asset
  artifactKey: Guid(a6560a915ef98420e9faacc1c7438823) Importer(815301076,1909f56bfc062723c751e8b465ee728b)
Number of updated assets reloaded before import = 0
Start importing Assets/Settings/SampleSceneProfile.asset using Guid(a6560a915ef98420e9faacc1c7438823) Importer(815301076,1909f56bfc062723c751e8b465ee728b)  -> (artifact id: 'e3662b8154fa16382a607bb1c6d40925') in 0.716729 seconds 
Number of asset objects unloaded after import = 4
========================================================================
Received Import Request.
  Time since last request: 0.000044 seconds.
  path: Assets/Settings/URP-Performant.asset
  artifactKey: Guid(d0e2fc18fe036412f8223b3b3d9ad574) Importer(815301076,1909f56bfc062723c751e8b465ee728b)
Number of updated assets reloaded before import = 0
Start importing Assets/Settings/URP-Performant.asset using Guid(d0e2fc18fe036412f8223b3b3d9ad574) Importer(815301076,1909f56bfc062723c751e8b465ee728b)  -> (artifact id: 'cac581da0b73a8adcfac4140c6b351d4') in 0.001366 seconds 
Number of asset objects unloaded after import = 1
========================================================================
Received Import Request.
  Time since last request: 0.933901 seconds.
  path: Assets/_ARPortal/Prefabs/Levels/JohnLemon_Level.prefab
  artifactKey: Guid(b35f8a4ebc53e4044b7543db60d9bf0a) Importer(815301076,1909f56bfc062723c751e8b465ee728b)
Number of updated assets reloaded before import = 0
Start importing Assets/_ARPortal/Prefabs/Levels/JohnLemon_Level.prefab using Guid(b35f8a4ebc53e4044b7543db60d9bf0a) Importer(815301076,1909f56bfc062723c751e8b465ee728b)  -> (artifact id: '7b40bff909a2a25090fe7c218352d6a0') in 1.906018 seconds 
Number of asset objects unloaded after import = 1437
========================================================================
Received Import Request.
  Time since last request: 0.000139 seconds.
  path: Assets/_ARPortal/Prefabs/Levels/WitchHut_Level.prefab
  artifactKey: Guid(354aeef51132448329e69052b04032bb) Importer(815301076,1909f56bfc062723c751e8b465ee728b)
Number of updated assets reloaded before import = 0
Start importing Assets/_ARPortal/Prefabs/Levels/WitchHut_Level.prefab using Guid(354aeef51132448329e69052b04032bb) Importer(815301076,1909f56bfc062723c751e8b465ee728b)  -> (artifact id: '1c690063401bee0ffb47633bc38081d3') in 4.119379 seconds 
Number of asset objects unloaded after import = 3281
[usbmuxd] Detached: 2 00008110-000C711A0EA2401E
[usbmuxd] Attached: 3 00008110-000C711A0EA2401E
[usbmuxd] Detached: 3 00008110-000C711A0EA2401E
[usbmuxd] Attached: 4 00008110-000C711A0EA2401E
[usbmuxd] Detached: 4 00008110-000C711A0EA2401E
[usbmuxd] Attached: 5 00008110-000C711A0EA2401E
[usbmuxd] Detached: 5 00008110-000C711A0EA2401E
[usbmuxd] Attached: 6 00008110-000C711A0EA2401E
[usbmuxd] Detached: 6 00008110-000C711A0EA2401E
========================================================================
Received Import Request.
  Time since last request: 1096.526564 seconds.
  path: Assets/_ARPortal/Source Files/Models/LibraryStreet/Environment/DoorFrame2.fbx
  artifactKey: Guid(78b52418692474c42b3dfe82de47216c) Importer(815301076,1909f56bfc062723c751e8b465ee728b)
Number of updated assets reloaded before import = 0
Start importing Assets/_ARPortal/Source Files/Models/LibraryStreet/Environment/DoorFrame2.fbx using Guid(78b52418692474c42b3dfe82de47216c) Importer(815301076,1909f56bfc062723c751e8b465ee728b)  -> (artifact id: '977314202d88e08aefb99244ea85e20b') in 0.262559 seconds 
Number of asset objects unloaded after import = 9
========================================================================
Received Import Request.
  Time since last request: 0.857241 seconds.
  path: Assets/_ARPortal/Source Files/VFX/FireBoy/FireBoy.mat
  artifactKey: Guid(0b31bdebcc3244c44bb7984bc1c0be5c) Importer(815301076,1909f56bfc062723c751e8b465ee728b)
Number of updated assets reloaded before import = 0
Start importing Assets/_ARPortal/Source Files/VFX/FireBoy/FireBoy.mat using Guid(0b31bdebcc3244c44bb7984bc1c0be5c) Importer(815301076,1909f56bfc062723c751e8b465ee728b)  -> (artifact id: 'bfc19c70fa22d53c48f31ddaf58cc943') in 0.043404 seconds 
Number of asset objects unloaded after import = 3
========================================================================
Received Import Request.
  Time since last request: 0.014727 seconds.
  path: Assets/_ARPortal/Source Files/VFX/Smoke & Fire/FireQuad.mat
  artifactKey: Guid(c44bfec3c90f2434d9ff6cfaaf206e10) Importer(815301076,1909f56bfc062723c751e8b465ee728b)
Number of updated assets reloaded before import = 0
Start importing Assets/_ARPortal/Source Files/VFX/Smoke & Fire/FireQuad.mat using Guid(c44bfec3c90f2434d9ff6cfaaf206e10) Importer(815301076,1909f56bfc062723c751e8b465ee728b)  -> (artifact id: '038b007e8d63ad45f6d67e85b0c17509') in 0.007060 seconds 
Number of asset objects unloaded after import = 3
========================================================================
Received Import Request.
  Time since last request: 0.755912 seconds.
  path: Assets/_ARPortal/Source Files/Materials/JohnLemon/DiningRoom/Floor.mat
  artifactKey: Guid(060e5db52eac3d945bda1acfb5e7c4bb) Importer(815301076,1909f56bfc062723c751e8b465ee728b)
Number of updated assets reloaded before import = 0
Start importing Assets/_ARPortal/Source Files/Materials/JohnLemon/DiningRoom/Floor.mat using Guid(060e5db52eac3d945bda1acfb5e7c4bb) Importer(815301076,1909f56bfc062723c751e8b465ee728b)  -> (artifact id: 'c3feefee7418178f454a88c202063a59') in 0.010340 seconds 
Number of asset objects unloaded after import = 6
========================================================================
Received Import Request.
  Time since last request: 0.023647 seconds.
  path: Packages/com.unity.searcher/Editor/Resources/FlatSkin/Font/Roboto-Light.ttf
  artifactKey: Guid(2a29e27936eb547458f646f71125b264) Importer(815301076,1909f56bfc062723c751e8b465ee728b)
Number of updated assets reloaded before import = 0
Start importing Packages/com.unity.searcher/Editor/Resources/FlatSkin/Font/Roboto-Light.ttf using Guid(2a29e27936eb547458f646f71125b264) Importer(815301076,1909f56bfc062723c751e8b465ee728b)  -> (artifact id: 'c3c3337ce31e3129904a63be1adaf5f3') in 0.995256 seconds 
Number of asset objects unloaded after import = 5
========================================================================
Received Import Request.
  Time since last request: 0.000046 seconds.
  path: Packages/com.unity.searcher/Editor/Resources/FlatSkin/Font/Roboto-Thin.ttf
  artifactKey: Guid(19a9abb883540be48b75b951a927ae03) Importer(815301076,1909f56bfc062723c751e8b465ee728b)
Number of updated assets reloaded before import = 0
Start importing Packages/com.unity.searcher/Editor/Resources/FlatSkin/Font/Roboto-Thin.ttf using Guid(19a9abb883540be48b75b951a927ae03) Importer(815301076,1909f56bfc062723c751e8b465ee728b)  -> (artifact id: '24936613a9ac87aefd26c23ed48fd96f') in 0.007174 seconds 
Number of asset objects unloaded after import = 5
========================================================================
Received Import Request.
  Time since last request: 0.252473 seconds.
  path: Assets/_ARPortal/Source Files/Models/LibraryStreet/Environment/Rail.fbx
  artifactKey: Guid(8e90318b38a76b041b527739e28514cc) Importer(815301076,1909f56bfc062723c751e8b465ee728b)
Number of updated assets reloaded before import = 0
Start importing Assets/_ARPortal/Source Files/Models/LibraryStreet/Environment/Rail.fbx using Guid(8e90318b38a76b041b527739e28514cc) Importer(815301076,1909f56bfc062723c751e8b465ee728b)  -> (artifact id: 'cd847c3a593eb858e38ecca8076ffb3c') in 0.015607 seconds 
Number of asset objects unloaded after import = 9
========================================================================
Received Import Request.
  Time since last request: 1.508287 seconds.
  path: Assets/_ARPortal/Source Files/Materials/LibraryStreet/Lights.mat
  artifactKey: Guid(6db8ccc36ba37954f8a3549653c45c88) Importer(815301076,1909f56bfc062723c751e8b465ee728b)
Number of updated assets reloaded before import = 0
Start importing Assets/_ARPortal/Source Files/Materials/LibraryStreet/Lights.mat using Guid(6db8ccc36ba37954f8a3549653c45c88) Importer(815301076,1909f56bfc062723c751e8b465ee728b)  -> (artifact id: '7f4edb4a87f4bcd0a9dbf811d6029bb5') in 0.009602 seconds 
Number of asset objects unloaded after import = 2
========================================================================
Received Import Request.
  Time since last request: 0.000047 seconds.
  path: Packages/com.unity.render-pipelines.universal/Runtime/Materials/SpatialMappingOcclusion.mat
  artifactKey: Guid(b51db210fe78df745a372851b3db949e) Importer(815301076,1909f56bfc062723c751e8b465ee728b)
Number of updated assets reloaded before import = 0
Start importing Packages/com.unity.render-pipelines.universal/Runtime/Materials/SpatialMappingOcclusion.mat using Guid(b51db210fe78df745a372851b3db949e) Importer(815301076,1909f56bfc062723c751e8b465ee728b)  -> (artifact id: '1b30ce72aa465392a9078374f78da0be') in 0.010784 seconds 
Number of asset objects unloaded after import = 2
========================================================================
Received Import Request.
  Time since last request: 0.000035 seconds.
  path: Assets/_ARPortal/Source Files/Materials/DefaultPlaneMaterials/Plane_Green.mat
  artifactKey: Guid(9157ae927725b4d60803d3c3a35c69b0) Importer(815301076,1909f56bfc062723c751e8b465ee728b)
Number of updated assets reloaded before import = 0
Start importing Assets/_ARPortal/Source Files/Materials/DefaultPlaneMaterials/Plane_Green.mat using Guid(9157ae927725b4d60803d3c3a35c69b0) Importer(815301076,1909f56bfc062723c751e8b465ee728b)  -> (artifact id: 'e2193b9ce1a0c27fd45d774fa41ed7d7') in 0.004687 seconds 
Number of asset objects unloaded after import = 2
========================================================================
Received Import Request.
  Time since last request: 0.000030 seconds.
  path: Assets/_ARPortal/Source Files/VFX/Potions/LiquidOrange.mat
  artifactKey: Guid(9574f95c15cc479488f811f98e9d8f17) Importer(815301076,1909f56bfc062723c751e8b465ee728b)
Number of updated assets reloaded before import = 0
Start importing Assets/_ARPortal/Source Files/VFX/Potions/LiquidOrange.mat using Guid(9574f95c15cc479488f811f98e9d8f17) Importer(815301076,1909f56bfc062723c751e8b465ee728b)  -> (artifact id: '5e4c20f0276274595e2d763180dc7c7e') in 0.437687 seconds 
Number of asset objects unloaded after import = 3
========================================================================
Received Import Request.
  Time since last request: 0.000031 seconds.
  path: Assets/_ARPortal/Source Files/Materials/LibraryStreet/Street_Glass.mat
  artifactKey: Guid(5fcb564079a2cb54ca655432bab96bbc) Importer(815301076,1909f56bfc062723c751e8b465ee728b)
Number of updated assets reloaded before import = 0
Start importing Assets/_ARPortal/Source Files/Materials/LibraryStreet/Street_Glass.mat using Guid(5fcb564079a2cb54ca655432bab96bbc) Importer(815301076,1909f56bfc062723c751e8b465ee728b)  -> (artifact id: 'fe2de96906d6baab27f09fb06c00b48d') in 0.164680 seconds 
Number of asset objects unloaded after import = 2
========================================================================
Received Import Request.
  Time since last request: 38.093502 seconds.
  path: Assets/_ARPortal/Prefabs/AR Default Plane.prefab
  artifactKey: Guid(101f5084e7a3a4efcaf2af42348f1eab) Importer(815301076,1909f56bfc062723c751e8b465ee728b)
Number of updated assets reloaded before import = 0
Start importing Assets/_ARPortal/Prefabs/AR Default Plane.prefab using Guid(101f5084e7a3a4efcaf2af42348f1eab) Importer(815301076,1909f56bfc062723c751e8b465ee728b)  -> (artifact id: 'c90a590937fe284078aa13e89537d28a') in 0.006729 seconds 
Number of asset objects unloaded after import = 13
[usbmuxd] Attached: 7 00008110-000C711A0EA2401E
========================================================================
Received Prepare
Refreshing native plugins compatible for Editor in 1.65 ms, found 2 plugins.
Preloading 0 native plugins for Editor in 0.00 ms.
Unloading 39 Unused Serialized files (Serialized files now loaded: 0)
Unloading 49 unused Assets / (0.7 MB). Loaded Objects now: 5815.
Memory consumption went from 126.6 MB to 125.9 MB.
Total: 4.278292 ms (FindLiveObjects: 0.200167 ms CreateObjectMapping: 0.081542 ms MarkObjects: 3.778666 ms  DeleteObjects: 0.217584 ms)

AssetImportParameters requested are different than current active one (requested -> active):
  custom:video-decoder-ogg-theora: a1e56fd34408186e4bbccfd4996cb3dc -> 
  custom:container-muxer-webm: aa71ff27fc2769a1b78a27578f13a17b -> 
  custom:container-demuxer-webm: 4f35f7cbe854078d1ac9338744f61a02 -> 
  custom:video-encoder-webm-vp8: eb34c28f22e8b96e1ab97ce403110664 -> 
  custom:framework-osx-AVFoundation: e770b220cccbd017edd2c1fefb359320 -> 
  custom:CustomObjectIndexerAttribute: 6b0e35c9178b02a6363f3721b7b8e397 -> 
  custom:audio-encoder-webm-vorbis: bf7c407c2cedff20999df2af8eb42d56 -> 
  custom:SearchIndexIgnoredProperties: e643bd26f0fe6173181afceb89e7c659 -> 
  custom:container-demuxer-ogg: 62fdf1f143b41e24485cea50d1cbac27 -> 
  custom:video-decoder-webm-vp8: 9c59270c3fd7afecdb556c50c9e8de78 -> 
  custom:audio-decoder-ogg-vorbis: bf7c407c2cedff20999df2af8eb42d56 -> 
[usbmuxd] Detached: 7 00008110-000C711A0EA2401E
[usbmuxd] Attached: 8 00008110-000C711A0EA2401E
========================================================================
Received Prepare
Refreshing native plugins compatible for Editor in 2.34 ms, found 2 plugins.
Preloading 0 native plugins for Editor in 0.00 ms.
Unloading 42 Unused Serialized files (Serialized files now loaded: 0)
Unloading 42 unused Assets / (1.2 MB). Loaded Objects now: 5815.
Memory consumption went from 127.5 MB to 126.3 MB.
Total: 7.907625 ms (FindLiveObjects: 0.252542 ms CreateObjectMapping: 0.077000 ms MarkObjects: 7.174708 ms  DeleteObjects: 0.403000 ms)

AssetImportParameters requested are different than current active one (requested -> active):
  custom:video-decoder-ogg-theora: a1e56fd34408186e4bbccfd4996cb3dc -> 
  custom:container-muxer-webm: aa71ff27fc2769a1b78a27578f13a17b -> 
  custom:container-demuxer-webm: 4f35f7cbe854078d1ac9338744f61a02 -> 
  custom:video-encoder-webm-vp8: eb34c28f22e8b96e1ab97ce403110664 -> 
  custom:framework-osx-AVFoundation: e770b220cccbd017edd2c1fefb359320 -> 
  custom:CustomObjectIndexerAttribute: 6b0e35c9178b02a6363f3721b7b8e397 -> 
  custom:audio-encoder-webm-vorbis: bf7c407c2cedff20999df2af8eb42d56 -> 
  custom:SearchIndexIgnoredProperties: e643bd26f0fe6173181afceb89e7c659 -> 
  custom:container-demuxer-ogg: 62fdf1f143b41e24485cea50d1cbac27 -> 
  custom:video-decoder-webm-vp8: 9c59270c3fd7afecdb556c50c9e8de78 -> 
  custom:audio-decoder-ogg-vorbis: bf7c407c2cedff20999df2af8eb42d56 -> 
