Unity Editor version:    2021.3.35f1 (157b46ce122a)
Branch:                  2021.3/staging
Build type:              Release
Batch mode:              YES
macOS version:           Version 14.3.1 (Build 23D60)
Darwin version:          23.3.0
Architecture:            arm64
Running under Rosetta:   NO
Available memory:        16384 MB
Using pre-set license
Pro License: YES

COMMAND LINE ARGUMENTS:
/Applications/Unity/Hub/Editor/2021.3.35f1/Unity.app/Contents/MacOS/Unity
-adb2
-batchMode
-noUpm
-name
AssetImportWorker1
-projectPath
/Users/usuario/Documents/GitHub/promotionalvideo/AR_Template_Project
-logFile
Logs/AssetImportWorker1.log
-srvPort
49199
Successfully changed project path to: /Users/usuario/Documents/GitHub/promotionalvideo/AR_Template_Project
/Users/usuario/Documents/GitHub/promotionalvideo/AR_Template_Project
[UnityMemory] Configuration Parameters - Can be set up in boot.config
    "memorysetup-bucket-allocator-granularity=16"
    "memorysetup-bucket-allocator-bucket-count=8"
    "memorysetup-bucket-allocator-block-size=33554432"
    "memorysetup-bucket-allocator-block-count=8"
    "memorysetup-main-allocator-block-size=16777216"
    "memorysetup-thread-allocator-block-size=16777216"
    "memorysetup-gfx-main-allocator-block-size=16777216"
    "memorysetup-gfx-thread-allocator-block-size=16777216"
    "memorysetup-cache-allocator-block-size=4194304"
    "memorysetup-typetree-allocator-block-size=2097152"
    "memorysetup-profiler-bucket-allocator-granularity=16"
    "memorysetup-profiler-bucket-allocator-bucket-count=8"
    "memorysetup-profiler-bucket-allocator-block-size=33554432"
    "memorysetup-profiler-bucket-allocator-block-count=8"
    "memorysetup-profiler-allocator-block-size=16777216"
    "memorysetup-profiler-editor-allocator-block-size=1048576"
    "memorysetup-temp-allocator-size-main=16777216"
    "memorysetup-job-temp-allocator-block-size=2097152"
    "memorysetup-job-temp-allocator-block-size-background=1048576"
    "memorysetup-job-temp-allocator-reduction-small-platforms=262144"
    "memorysetup-temp-allocator-size-background-worker=32768"
    "memorysetup-temp-allocator-size-job-worker=262144"
    "memorysetup-temp-allocator-size-preload-manager=33554432"
    "memorysetup-temp-allocator-size-nav-mesh-worker=65536"
    "memorysetup-temp-allocator-size-audio-worker=65536"
    "memorysetup-temp-allocator-size-cloud-worker=32768"
    "memorysetup-temp-allocator-size-gi-baking-worker=262144"
    "memorysetup-temp-allocator-size-gfx=262144"
Player connection [7916198976] Host "[IP] 192.168.11.180 [Port] 0 [Flags] 2 [Guid] 4066390819 [EditorId] 4066390819 [Version] 1048832 [Id] OSXEditor(0,pc180-11.11001828.11.andared.ced.junta-andalucia.es) [Debug] 1 [PackageName] OSXEditor [ProjectName] Editor" joined multi-casting on [225.0.0.222:54997]...

Player connection [7916198976] Host "[IP] 192.168.11.180 [Port] 0 [Flags] 2 [Guid] 4066390819 [EditorId] 4066390819 [Version] 1048832 [Id] OSXEditor(0,pc180-11.11001828.11.andared.ced.junta-andalucia.es) [Debug] 1 [PackageName] OSXEditor [ProjectName] Editor" joined alternative multi-casting on [225.0.0.222:34997]...

[Physics::Module] Initialized MultithreadedJobDispatcher with {0} workers.
Refreshing native plugins compatible for Editor in 71.75 ms, found 2 plugins.
Preloading 0 native plugins for Editor in 0.00 ms.
Initialize engine version: 2021.3.35f1 (157b46ce122a)
[Subsystems] Discovering subsystems at path /Applications/Unity/Hub/Editor/2021.3.35f1/Unity.app/Contents/Resources/UnitySubsystems
[Subsystems] Discovering subsystems at path /Users/usuario/Documents/GitHub/promotionalvideo/AR_Template_Project/Assets
GfxDevice: creating device client; threaded=0; jobified=0
 preferred device: Apple M2 Pro (high power)
Metal devices available: 1
0: Apple M2 Pro (high power)
Using device Apple M2 Pro (high power)
Initializing Metal device caps: Apple M2 Pro
Initialize mono
Mono path[0] = '/Applications/Unity/Hub/Editor/2021.3.35f1/Unity.app/Contents/Managed'
Mono path[1] = '/Applications/Unity/Hub/Editor/2021.3.35f1/Unity.app/Contents/MonoBleedingEdge/lib/mono/unityjit-macos'
Mono config path = '/Applications/Unity/Hub/Editor/2021.3.35f1/Unity.app/Contents/MonoBleedingEdge/etc'
Using monoOptions --debugger-agent=transport=dt_socket,embedding=1,server=y,suspend=n,address=127.0.0.1:56003
Begin MonoManager ReloadAssembly
Registering precompiled unity dll's ...
Register platform support module: /Applications/Unity/Hub/Editor/2021.3.35f1/Unity.app/Contents/PlaybackEngines/MacStandaloneSupport/UnityEditor.OSXStandalone.Extensions.dll
Register platform support module: /Applications/Unity/Hub/Editor/2021.3.35f1/PlaybackEngines/iOSSupport/UnityEditor.iOS.Extensions.dll
Registered in 0.000761 seconds.
[usbmuxd] Start listen thread
[usbmuxd] Listen thread started
[usbmuxd] Send listen message
Native extension for iOS target not found
[usbmuxd] Attached: 2 00008110-000C711A0EA2401E
Native extension for OSXStandalone target not found
Refreshing native plugins compatible for Editor in 71.89 ms, found 2 plugins.
Preloading 0 native plugins for Editor in 0.00 ms.
Mono: successfully reloaded assembly
- Completed reload, in  0.422 seconds
Domain Reload Profiling:
	ReloadAssembly (422ms)
		BeginReloadAssembly (56ms)
			ExecutionOrderSort (0ms)
			DisableScriptedObjects (0ms)
			BackupInstance (0ms)
			ReleaseScriptingObjects (0ms)
			CreateAndSetChildDomain (0ms)
		EndReloadAssembly (315ms)
			LoadAssemblies (57ms)
			RebuildTransferFunctionScriptingTraits (0ms)
			SetupTypeCache (61ms)
			ReleaseScriptCaches (0ms)
			RebuildScriptCaches (16ms)
			SetupLoadedEditorAssemblies (214ms)
				LogAssemblyErrors (0ms)
				InitializePlatformSupportModulesInManaged (49ms)
				SetLoadedEditorAssemblies (0ms)
				RefreshPlugins (72ms)
				BeforeProcessingInitializeOnLoad (1ms)
				ProcessInitializeOnLoadAttributes (71ms)
				ProcessInitializeOnLoadMethodAttributes (21ms)
				AfterProcessingInitializeOnLoad (0ms)
				EditorAssembliesLoaded (0ms)
			ExecutionOrderSort2 (0ms)
			AwakeInstancesAfterBackupRestoration (0ms)
Platform modules already initialized, skipping
Registering precompiled user dll's ...
Registered in 0.001454 seconds.
Begin MonoManager ReloadAssembly
Native extension for iOS target not found
Native extension for OSXStandalone target not found
Refreshing native plugins compatible for Editor in 70.92 ms, found 2 plugins.
Preloading 0 native plugins for Editor in 0.00 ms.
Package Manager log level set to [2]
[Package Manager] Server::EnsureServerProcessIsRunning -- launch failed, reason: Unity was launched with the -noUpm command-line argument
[Package Manager] Cannot connect to Unity Package Manager local server
[Package Manager] Server::EnsureServerProcessIsRunning -- launch failed, reason: Unity was launched with the -noUpm command-line argument
[Package Manager] Cannot connect to Unity Package Manager local server
Mono: successfully reloaded assembly
- Completed reload, in  1.006 seconds
Domain Reload Profiling:
	ReloadAssembly (1006ms)
		BeginReloadAssembly (58ms)
			ExecutionOrderSort (0ms)
			DisableScriptedObjects (3ms)
			BackupInstance (0ms)
			ReleaseScriptingObjects (0ms)
			CreateAndSetChildDomain (14ms)
		EndReloadAssembly (892ms)
			LoadAssemblies (61ms)
			RebuildTransferFunctionScriptingTraits (0ms)
			SetupTypeCache (146ms)
			ReleaseScriptCaches (0ms)
			RebuildScriptCaches (33ms)
			SetupLoadedEditorAssemblies (637ms)
				LogAssemblyErrors (0ms)
				InitializePlatformSupportModulesInManaged (10ms)
				SetLoadedEditorAssemblies (0ms)
				RefreshPlugins (71ms)
				BeforeProcessingInitializeOnLoad (59ms)
				ProcessInitializeOnLoadAttributes (458ms)
				ProcessInitializeOnLoadMethodAttributes (37ms)
				AfterProcessingInitializeOnLoad (1ms)
				EditorAssembliesLoaded (0ms)
			ExecutionOrderSort2 (0ms)
			AwakeInstancesAfterBackupRestoration (2ms)
Platform modules already initialized, skipping
========================================================================
Worker process is ready to serve import requests
Launching external process: /Applications/Unity/Hub/Editor/2021.3.35f1/Unity.app/Contents/Tools/UnityShaderCompiler
Launched and connected shader compiler UnityShaderCompiler after 0.04 seconds
Refreshing native plugins compatible for Editor in 0.50 ms, found 2 plugins.
Preloading 0 native plugins for Editor in 0.00 ms.
Unloading 5221 Unused Serialized files (Serialized files now loaded: 0)
Unloading 37 unused Assets / (0.7 MB). Loaded Objects now: 5671.
Memory consumption went from 201.0 MB to 200.3 MB.
Total: 2.618458 ms (FindLiveObjects: 0.153541 ms CreateObjectMapping: 0.081750 ms MarkObjects: 2.155042 ms  DeleteObjects: 0.227833 ms)

AssetImportParameters requested are different than current active one (requested -> active):
  custom:video-decoder-ogg-theora: a1e56fd34408186e4bbccfd4996cb3dc -> 
  custom:container-muxer-webm: aa71ff27fc2769a1b78a27578f13a17b -> 
  custom:container-demuxer-webm: 4f35f7cbe854078d1ac9338744f61a02 -> 
  custom:video-encoder-webm-vp8: eb34c28f22e8b96e1ab97ce403110664 -> 
  custom:framework-osx-AVFoundation: e770b220cccbd017edd2c1fefb359320 -> 
  custom:CustomObjectIndexerAttribute: 6b0e35c9178b02a6363f3721b7b8e397 -> 
  custom:audio-encoder-webm-vorbis: bf7c407c2cedff20999df2af8eb42d56 -> 
  custom:SearchIndexIgnoredProperties: e643bd26f0fe6173181afceb89e7c659 -> 
  custom:container-demuxer-ogg: 62fdf1f143b41e24485cea50d1cbac27 -> 
  custom:video-decoder-webm-vp8: 9c59270c3fd7afecdb556c50c9e8de78 -> 
  custom:audio-decoder-ogg-vorbis: bf7c407c2cedff20999df2af8eb42d56 -> 
========================================================================
Received Import Request.
  Time since last request: 804.371928 seconds.
  path: Assets/Settings/URP-Performant-Renderer.asset
  artifactKey: Guid(707360a9c581a4bd7aa53bfeb1429f71) Importer(815301076,1909f56bfc062723c751e8b465ee728b)
Number of updated assets reloaded before import = 0
Start importing Assets/Settings/URP-Performant-Renderer.asset using Guid(707360a9c581a4bd7aa53bfeb1429f71) Importer(815301076,1909f56bfc062723c751e8b465ee728b)  -> (artifact id: '5a5ebaa15abd82a312bf875f5c5be042') in 0.717189 seconds 
Number of asset objects unloaded after import = 2
========================================================================
Received Import Request.
  Time since last request: 0.939885 seconds.
  path: Assets/_ARPortal/Prefabs/Levels/TheStreet_Level.prefab
  artifactKey: Guid(c2ae66a0d990e4985adac6c15a9d533f) Importer(815301076,1909f56bfc062723c751e8b465ee728b)
Number of updated assets reloaded before import = 0
Start importing Assets/_ARPortal/Prefabs/Levels/TheStreet_Level.prefab using Guid(c2ae66a0d990e4985adac6c15a9d533f) Importer(815301076,1909f56bfc062723c751e8b465ee728b)  -> (artifact id: 'ca4ea39675209c48ca20ae4426343ad6') in 2.405992 seconds 
Number of asset objects unloaded after import = 2035
========================================================================
Received Import Request.
  Time since last request: 1.711748 seconds.
  path: Assets/_ARPortal/Prefabs/Portals/JohnLemon_HorizontalPortal__Trapdoor.prefab
  artifactKey: Guid(ba82c2ad484f24daab641702ff8a6d10) Importer(815301076,1909f56bfc062723c751e8b465ee728b)
Number of updated assets reloaded before import = 0
Start importing Assets/_ARPortal/Prefabs/Portals/JohnLemon_HorizontalPortal__Trapdoor.prefab using Guid(ba82c2ad484f24daab641702ff8a6d10) Importer(815301076,1909f56bfc062723c751e8b465ee728b)  -> (artifact id: '730d5c258286ce5941ac0505cf9559f3') in 0.066347 seconds 
Number of asset objects unloaded after import = 23
========================================================================
Received Import Request.
  Time since last request: 0.000038 seconds.
  path: Assets/_ARPortal/Prefabs/Portals/Street_HorizontalPortal_Skylight.prefab
  artifactKey: Guid(7d6177285db014637bdfdf67805377c2) Importer(815301076,1909f56bfc062723c751e8b465ee728b)
Number of updated assets reloaded before import = 0
Start importing Assets/_ARPortal/Prefabs/Portals/Street_HorizontalPortal_Skylight.prefab using Guid(7d6177285db014637bdfdf67805377c2) Importer(815301076,1909f56bfc062723c751e8b465ee728b)  -> (artifact id: '3e2ddafaaf70f49d43b3d4fe6bb74d43') in 0.006921 seconds 
Number of asset objects unloaded after import = 23
========================================================================
Received Import Request.
  Time since last request: 0.000035 seconds.
  path: Assets/_ARPortal/Prefabs/Portals/WitchHut_HorizontalPortal_Skylight.prefab
  artifactKey: Guid(e49bc47bb0f874fabade0eea5142aff3) Importer(815301076,1909f56bfc062723c751e8b465ee728b)
Number of updated assets reloaded before import = 0
Start importing Assets/_ARPortal/Prefabs/Portals/WitchHut_HorizontalPortal_Skylight.prefab using Guid(e49bc47bb0f874fabade0eea5142aff3) Importer(815301076,1909f56bfc062723c751e8b465ee728b)  -> (artifact id: '127179d691efacafeb6fa1587ef5f50f') in 0.125626 seconds 
Number of asset objects unloaded after import = 21
========================================================================
Received Import Request.
  Time since last request: 0.000036 seconds.
  path: Assets/_ARPortal/Prefabs/Portals/WitchHut_VerticalPortal_Window.prefab
  artifactKey: Guid(9a0396caa6a9285429eb3d5e21c000f4) Importer(815301076,1909f56bfc062723c751e8b465ee728b)
Number of updated assets reloaded before import = 0
Start importing Assets/_ARPortal/Prefabs/Portals/WitchHut_VerticalPortal_Window.prefab using Guid(9a0396caa6a9285429eb3d5e21c000f4) Importer(815301076,1909f56bfc062723c751e8b465ee728b)  -> (artifact id: '4e9a6bbf0eb06f33e726f1f5060d5c81') in 0.004999 seconds 
Number of asset objects unloaded after import = 21
========================================================================
Received Import Request.
  Time since last request: 0.000023 seconds.
  path: Assets/_ARPortal/Prefabs/Portals/Street_VerticalPortal_Window.prefab
  artifactKey: Guid(2fa7d0e46cbecad4083cd521a29f1aec) Importer(815301076,1909f56bfc062723c751e8b465ee728b)
Number of updated assets reloaded before import = 0
Start importing Assets/_ARPortal/Prefabs/Portals/Street_VerticalPortal_Window.prefab using Guid(2fa7d0e46cbecad4083cd521a29f1aec) Importer(815301076,1909f56bfc062723c751e8b465ee728b)  -> (artifact id: '7e2a7de1114fba99b40816327a59aed1') in 0.005000 seconds 
Number of asset objects unloaded after import = 23
========================================================================
Received Import Request.
  Time since last request: 0.000035 seconds.
  path: Assets/_ARPortal/Prefabs/Portals/JohnLemon_VerticalPortal__PictureFrame.prefab
  artifactKey: Guid(77aef2b178b0c7c4bb6639073cbcceb3) Importer(815301076,1909f56bfc062723c751e8b465ee728b)
Number of updated assets reloaded before import = 0
Start importing Assets/_ARPortal/Prefabs/Portals/JohnLemon_VerticalPortal__PictureFrame.prefab using Guid(77aef2b178b0c7c4bb6639073cbcceb3) Importer(815301076,1909f56bfc062723c751e8b465ee728b)  -> (artifact id: '275397ce3de0781788fe0cb5145b4df0') in 0.004433 seconds 
Number of asset objects unloaded after import = 22
========================================================================
Received Import Request.
  Time since last request: 1.339242 seconds.
  path: Assets/_ARPortal/Prefabs/Testing/Debug UI.prefab
  artifactKey: Guid(64859e4afa563934ab64a0abb1ca7a60) Importer(815301076,1909f56bfc062723c751e8b465ee728b)
Number of updated assets reloaded before import = 0
Start importing Assets/_ARPortal/Prefabs/Testing/Debug UI.prefab using Guid(64859e4afa563934ab64a0abb1ca7a60) Importer(815301076,1909f56bfc062723c751e8b465ee728b)  -> (artifact id: 'd00dc810f063f650477b195508c96de8') in 0.004940 seconds 
Number of asset objects unloaded after import = 19
========================================================================
Received Import Request.
  Time since last request: 0.000035 seconds.
  path: Assets/_ARPortal/Prefabs/Testing/FPS Overlay UI.prefab
  artifactKey: Guid(523386755330448b19a21a0dfa93a499) Importer(815301076,1909f56bfc062723c751e8b465ee728b)
Number of updated assets reloaded before import = 0
Start importing Assets/_ARPortal/Prefabs/Testing/FPS Overlay UI.prefab using Guid(523386755330448b19a21a0dfa93a499) Importer(815301076,1909f56bfc062723c751e8b465ee728b)  -> (artifact id: 'ec8246996274b6fe6e25c56b256c9baa') in 0.004509 seconds 
Number of asset objects unloaded after import = 16
========================================================================
Received Import Request.
  Time since last request: 0.000028 seconds.
  path: Assets/_ARPortal/Prefabs/Testing/Unoptimized Particle System.prefab
  artifactKey: Guid(c466359b05d044de7be0d3b5e7dca26f) Importer(815301076,1909f56bfc062723c751e8b465ee728b)
Number of updated assets reloaded before import = 0
Start importing Assets/_ARPortal/Prefabs/Testing/Unoptimized Particle System.prefab using Guid(c466359b05d044de7be0d3b5e7dca26f) Importer(815301076,1909f56bfc062723c751e8b465ee728b)  -> (artifact id: 'b3a36dc35182b5450d3664da285add05') in 0.077398 seconds 
Number of asset objects unloaded after import = 9
[usbmuxd] Detached: 2 00008110-000C711A0EA2401E
[usbmuxd] Attached: 3 00008110-000C711A0EA2401E
[usbmuxd] Detached: 3 00008110-000C711A0EA2401E
[usbmuxd] Attached: 4 00008110-000C711A0EA2401E
[usbmuxd] Detached: 4 00008110-000C711A0EA2401E
[usbmuxd] Attached: 5 00008110-000C711A0EA2401E
[usbmuxd] Detached: 5 00008110-000C711A0EA2401E
[usbmuxd] Attached: 6 00008110-000C711A0EA2401E
[usbmuxd] Detached: 6 00008110-000C711A0EA2401E
========================================================================
Received Import Request.
  Time since last request: 1096.757600 seconds.
  path: Assets/_ARPortal/Source Files/Materials/JohnLemon/DiningRoom/Clock.mat
  artifactKey: Guid(8d2783b3e3276774b8ee18214091ac89) Importer(815301076,1909f56bfc062723c751e8b465ee728b)
Number of updated assets reloaded before import = 0
Start importing Assets/_ARPortal/Source Files/Materials/JohnLemon/DiningRoom/Clock.mat using Guid(8d2783b3e3276774b8ee18214091ac89) Importer(815301076,1909f56bfc062723c751e8b465ee728b)  -> (artifact id: 'f8ef350afa4c6e445a756d5de1629232') in 0.042887 seconds 
Number of asset objects unloaded after import = 6
========================================================================
Received Import Request.
  Time since last request: 0.000045 seconds.
  path: Assets/_ARPortal/Source Files/Materials/JohnLemon/VFX/Emissive.mat
  artifactKey: Guid(effb672a2c71f0c40b7b1960d798968a) Importer(815301076,1909f56bfc062723c751e8b465ee728b)
Number of updated assets reloaded before import = 0
Start importing Assets/_ARPortal/Source Files/Materials/JohnLemon/VFX/Emissive.mat using Guid(effb672a2c71f0c40b7b1960d798968a) Importer(815301076,1909f56bfc062723c751e8b465ee728b)  -> (artifact id: '825a3fb3c82045185640afcebef68346') in 0.005421 seconds 
Number of asset objects unloaded after import = 2
========================================================================
Received Import Request.
  Time since last request: 0.000028 seconds.
  path: Packages/com.unity.xr.arfoundation/Materials/DebugPlane.mat
  artifactKey: Guid(f1a110d32af21aa4d872c707dfcc6043) Importer(815301076,1909f56bfc062723c751e8b465ee728b)
Number of updated assets reloaded before import = 0
Start importing Packages/com.unity.xr.arfoundation/Materials/DebugPlane.mat using Guid(f1a110d32af21aa4d872c707dfcc6043) Importer(815301076,1909f56bfc062723c751e8b465ee728b)  -> (artifact id: '1622ff4d1ea1de4963b4c8867f5c94ee') in 0.061404 seconds 
Number of asset objects unloaded after import = 2
========================================================================
Received Import Request.
  Time since last request: 0.000030 seconds.
  path: Assets/_ARPortal/Source Files/Materials/JohnLemon/VFX/DustMote.mat
  artifactKey: Guid(e27a3e2f84809914fa5bf3a7ac14ce9f) Importer(815301076,1909f56bfc062723c751e8b465ee728b)
Number of updated assets reloaded before import = 0
Start importing Assets/_ARPortal/Source Files/Materials/JohnLemon/VFX/DustMote.mat using Guid(e27a3e2f84809914fa5bf3a7ac14ce9f) Importer(815301076,1909f56bfc062723c751e8b465ee728b)  -> (artifact id: '52c9a2c60298ffec3d75b07c2c2d1fde') in 0.082277 seconds 
Number of asset objects unloaded after import = 3
========================================================================
Received Import Request.
  Time since last request: 0.000043 seconds.
  path: Packages/com.unity.render-pipelines.universal/Runtime/Materials/Decal.mat
  artifactKey: Guid(31d0dcc6f2dd4e4408d18036a2c93862) Importer(815301076,1909f56bfc062723c751e8b465ee728b)
Number of updated assets reloaded before import = 0
Start importing Packages/com.unity.render-pipelines.universal/Runtime/Materials/Decal.mat using Guid(31d0dcc6f2dd4e4408d18036a2c93862) Importer(815301076,1909f56bfc062723c751e8b465ee728b)  -> (artifact id: '196525fe8f86634a743da6edff62f843') in 0.006629 seconds 
Number of asset objects unloaded after import = 3
========================================================================
Received Import Request.
  Time since last request: 0.000039 seconds.
  path: Packages/com.unity.xr.arfoundation/Materials/DebugFace.mat
  artifactKey: Guid(35bd980c8f2234e3d8b640e25a677d65) Importer(815301076,1909f56bfc062723c751e8b465ee728b)
Number of updated assets reloaded before import = 0
Start importing Packages/com.unity.xr.arfoundation/Materials/DebugFace.mat using Guid(35bd980c8f2234e3d8b640e25a677d65) Importer(815301076,1909f56bfc062723c751e8b465ee728b)  -> (artifact id: '3b11e90ed49b251d55dd7e0af8e52262') in 0.004339 seconds 
Number of asset objects unloaded after import = 2
========================================================================
Received Import Request.
  Time since last request: 0.000026 seconds.
  path: Assets/_ARPortal/Source Files/Materials/JohnLemon/Corridor/Door_Post.mat
  artifactKey: Guid(78a0737fcaa84b14d9527b1565fc5488) Importer(815301076,1909f56bfc062723c751e8b465ee728b)
Number of updated assets reloaded before import = 0
Start importing Assets/_ARPortal/Source Files/Materials/JohnLemon/Corridor/Door_Post.mat using Guid(78a0737fcaa84b14d9527b1565fc5488) Importer(815301076,1909f56bfc062723c751e8b465ee728b)  -> (artifact id: '5211606e0f5784b39cac590c56afc24b') in 0.005057 seconds 
Number of asset objects unloaded after import = 6
========================================================================
Received Import Request.
  Time since last request: 0.000037 seconds.
  path: Assets/_ARPortal/Source Files/VFX/Dust/DustMaterial.mat
  artifactKey: Guid(879d1e9f794e82d409320aaea2f682b5) Importer(815301076,1909f56bfc062723c751e8b465ee728b)
Number of updated assets reloaded before import = 0
Start importing Assets/_ARPortal/Source Files/VFX/Dust/DustMaterial.mat using Guid(879d1e9f794e82d409320aaea2f682b5) Importer(815301076,1909f56bfc062723c751e8b465ee728b)  -> (artifact id: '994033251cabadb23d0016e4aa02e34d') in 0.021397 seconds 
Number of asset objects unloaded after import = 3
========================================================================
Received Import Request.
  Time since last request: 0.855795 seconds.
  path: Assets/_ARPortal/Source Files/Materials/JohnLemon/DiningRoom/Fireplace.mat
  artifactKey: Guid(544283c42b7173849a938d1ac4cd9568) Importer(815301076,1909f56bfc062723c751e8b465ee728b)
Number of updated assets reloaded before import = 0
Start importing Assets/_ARPortal/Source Files/Materials/JohnLemon/DiningRoom/Fireplace.mat using Guid(544283c42b7173849a938d1ac4cd9568) Importer(815301076,1909f56bfc062723c751e8b465ee728b)  -> (artifact id: '5c16dd9abd88d778156b8187113f7be5') in 0.010753 seconds 
Number of asset objects unloaded after import = 6
========================================================================
Received Import Request.
  Time since last request: 0.047524 seconds.
  path: Assets/_ARPortal/Source Files/Materials/JohnLemon/Corridor/Floor.mat
  artifactKey: Guid(059e99a55d1d3614ebfbdffbbe2e3e25) Importer(815301076,1909f56bfc062723c751e8b465ee728b)
Number of updated assets reloaded before import = 0
Start importing Assets/_ARPortal/Source Files/Materials/JohnLemon/Corridor/Floor.mat using Guid(059e99a55d1d3614ebfbdffbbe2e3e25) Importer(815301076,1909f56bfc062723c751e8b465ee728b)  -> (artifact id: 'f57aaf4f63a7b6ffc22b6a3248ada8bd') in 0.005158 seconds 
Number of asset objects unloaded after import = 6
========================================================================
Received Import Request.
  Time since last request: 0.757979 seconds.
  path: Assets/_ARPortal/Source Files/Materials/JohnLemon/BedRoom/Floor.mat
  artifactKey: Guid(2bfd182a00290924abf99a86daf1e23c) Importer(815301076,1909f56bfc062723c751e8b465ee728b)
Number of updated assets reloaded before import = 0
Start importing Assets/_ARPortal/Source Files/Materials/JohnLemon/BedRoom/Floor.mat using Guid(2bfd182a00290924abf99a86daf1e23c) Importer(815301076,1909f56bfc062723c751e8b465ee728b)  -> (artifact id: '757e2ba1a5565333855f21444dc8f6c1') in 0.010848 seconds 
Number of asset objects unloaded after import = 6
========================================================================
Received Import Request.
  Time since last request: 0.023207 seconds.
  path: Packages/com.unity.searcher/Editor/Resources/FlatSkin/Font/Roboto-ThinItalic.ttf
  artifactKey: Guid(b2ea3b3f1765e544b9eb5bd1a93a91ce) Importer(815301076,1909f56bfc062723c751e8b465ee728b)
Number of updated assets reloaded before import = 0
Start importing Packages/com.unity.searcher/Editor/Resources/FlatSkin/Font/Roboto-ThinItalic.ttf using Guid(b2ea3b3f1765e544b9eb5bd1a93a91ce) Importer(815301076,1909f56bfc062723c751e8b465ee728b)  -> (artifact id: 'c61a130ac70aa1a5575303cc7f6f4361') in 1.007656 seconds 
Number of asset objects unloaded after import = 5
========================================================================
Received Import Request.
  Time since last request: 0.000041 seconds.
  path: Packages/com.unity.searcher/Editor/Resources/FlatSkin/Font/Roboto-Regular.ttf
  artifactKey: Guid(30dc370b164eefc43b95744fc796dad0) Importer(815301076,1909f56bfc062723c751e8b465ee728b)
Number of updated assets reloaded before import = 0
Start importing Packages/com.unity.searcher/Editor/Resources/FlatSkin/Font/Roboto-Regular.ttf using Guid(30dc370b164eefc43b95744fc796dad0) Importer(815301076,1909f56bfc062723c751e8b465ee728b)  -> (artifact id: '05abec2cb5a4c9e4fe66bf87732cf43d') in 0.006313 seconds 
Number of asset objects unloaded after import = 5
========================================================================
Received Import Request.
  Time since last request: 0.241290 seconds.
  path: Assets/_ARPortal/Source Files/Models/LibraryStreet/Environment/Building.fbx
  artifactKey: Guid(34aea5bb652b70d4bb71a20e45847a29) Importer(815301076,1909f56bfc062723c751e8b465ee728b)
Number of updated assets reloaded before import = 0
Start importing Assets/_ARPortal/Source Files/Models/LibraryStreet/Environment/Building.fbx using Guid(34aea5bb652b70d4bb71a20e45847a29) Importer(815301076,1909f56bfc062723c751e8b465ee728b)  -> (artifact id: 'bb2d1d6ad752a6e45f5870bfca402d0c') in 0.239932 seconds 
Number of asset objects unloaded after import = 9
========================================================================
Received Import Request.
  Time since last request: 1.283593 seconds.
  path: Assets/_ARPortal/Source Files/VFX/Potions/LiquidGreen.mat
  artifactKey: Guid(5c07b6cc403bd8a44bebc38ebbf7ac23) Importer(815301076,1909f56bfc062723c751e8b465ee728b)
Number of updated assets reloaded before import = 0
Start importing Assets/_ARPortal/Source Files/VFX/Potions/LiquidGreen.mat using Guid(5c07b6cc403bd8a44bebc38ebbf7ac23) Importer(815301076,1909f56bfc062723c751e8b465ee728b)  -> (artifact id: 'f882e68c7051ea6575722de98a43586f') in 0.453796 seconds 
Number of asset objects unloaded after import = 3
========================================================================
Received Import Request.
  Time since last request: 0.000040 seconds.
  path: Assets/_ARPortal/Source Files/Materials/LibraryStreet/SignLibraryBacking.mat
  artifactKey: Guid(20b596d4ca76b7642bf4151c68e9df40) Importer(815301076,1909f56bfc062723c751e8b465ee728b)
Number of updated assets reloaded before import = 0
Start importing Assets/_ARPortal/Source Files/Materials/LibraryStreet/SignLibraryBacking.mat using Guid(20b596d4ca76b7642bf4151c68e9df40) Importer(815301076,1909f56bfc062723c751e8b465ee728b)  -> (artifact id: 'e6f1ca56719f3967e2aedf2ac321c9d0') in 0.004894 seconds 
Number of asset objects unloaded after import = 2
========================================================================
Received Import Request.
  Time since last request: 0.000031 seconds.
  path: Assets/_ARPortal/Source Files/Materials/JohnLemon/Corridor/Rugs.mat
  artifactKey: Guid(f5b8db6c5de6a6a4984f8dd09c302b59) Importer(815301076,1909f56bfc062723c751e8b465ee728b)
Number of updated assets reloaded before import = 0
Start importing Assets/_ARPortal/Source Files/Materials/JohnLemon/Corridor/Rugs.mat using Guid(f5b8db6c5de6a6a4984f8dd09c302b59) Importer(815301076,1909f56bfc062723c751e8b465ee728b)  -> (artifact id: '5519b4e3b8331e39d14e9e52f4e212c8') in 0.004921 seconds 
Number of asset objects unloaded after import = 6
========================================================================
Received Import Request.
  Time since last request: 0.000037 seconds.
  path: Packages/com.unity.render-pipelines.universal/Runtime/Materials/SpatialMappingWireframe.mat
  artifactKey: Guid(9875a245ac49007498213638a307faa1) Importer(815301076,1909f56bfc062723c751e8b465ee728b)
Number of updated assets reloaded before import = 0
Start importing Packages/com.unity.render-pipelines.universal/Runtime/Materials/SpatialMappingWireframe.mat using Guid(9875a245ac49007498213638a307faa1) Importer(815301076,1909f56bfc062723c751e8b465ee728b)  -> (artifact id: '25cf313d1ede8f87b919228ed8b6bd46') in 0.005896 seconds 
Number of asset objects unloaded after import = 3
[usbmuxd] Attached: 7 00008110-000C711A0EA2401E
========================================================================
Received Prepare
Refreshing native plugins compatible for Editor in 3.29 ms, found 2 plugins.
Preloading 0 native plugins for Editor in 0.00 ms.
Unloading 31 Unused Serialized files (Serialized files now loaded: 0)
Unloading 47 unused Assets / (0.7 MB). Loaded Objects now: 5807.
Memory consumption went from 120.4 MB to 119.7 MB.
Total: 4.564708 ms (FindLiveObjects: 0.185875 ms CreateObjectMapping: 0.076708 ms MarkObjects: 4.086542 ms  DeleteObjects: 0.215167 ms)

AssetImportParameters requested are different than current active one (requested -> active):
  custom:video-decoder-ogg-theora: a1e56fd34408186e4bbccfd4996cb3dc -> 
  custom:container-muxer-webm: aa71ff27fc2769a1b78a27578f13a17b -> 
  custom:container-demuxer-webm: 4f35f7cbe854078d1ac9338744f61a02 -> 
  custom:video-encoder-webm-vp8: eb34c28f22e8b96e1ab97ce403110664 -> 
  custom:framework-osx-AVFoundation: e770b220cccbd017edd2c1fefb359320 -> 
  custom:CustomObjectIndexerAttribute: 6b0e35c9178b02a6363f3721b7b8e397 -> 
  custom:audio-encoder-webm-vorbis: bf7c407c2cedff20999df2af8eb42d56 -> 
  custom:SearchIndexIgnoredProperties: e643bd26f0fe6173181afceb89e7c659 -> 
  custom:container-demuxer-ogg: 62fdf1f143b41e24485cea50d1cbac27 -> 
  custom:video-decoder-webm-vp8: 9c59270c3fd7afecdb556c50c9e8de78 -> 
  custom:audio-decoder-ogg-vorbis: bf7c407c2cedff20999df2af8eb42d56 -> 
[usbmuxd] Detached: 7 00008110-000C711A0EA2401E
[usbmuxd] Attached: 8 00008110-000C711A0EA2401E
========================================================================
Received Prepare
Refreshing native plugins compatible for Editor in 3.49 ms, found 2 plugins.
Preloading 0 native plugins for Editor in 0.00 ms.
Unloading 42 Unused Serialized files (Serialized files now loaded: 0)
Unloading 42 unused Assets / (1.2 MB). Loaded Objects now: 5807.
Memory consumption went from 122.2 MB to 121.0 MB.
Total: 8.080583 ms (FindLiveObjects: 0.290834 ms CreateObjectMapping: 0.079416 ms MarkObjects: 7.303042 ms  DeleteObjects: 0.406875 ms)

AssetImportParameters requested are different than current active one (requested -> active):
  custom:video-decoder-ogg-theora: a1e56fd34408186e4bbccfd4996cb3dc -> 
  custom:container-muxer-webm: aa71ff27fc2769a1b78a27578f13a17b -> 
  custom:container-demuxer-webm: 4f35f7cbe854078d1ac9338744f61a02 -> 
  custom:video-encoder-webm-vp8: eb34c28f22e8b96e1ab97ce403110664 -> 
  custom:framework-osx-AVFoundation: e770b220cccbd017edd2c1fefb359320 -> 
  custom:CustomObjectIndexerAttribute: 6b0e35c9178b02a6363f3721b7b8e397 -> 
  custom:audio-encoder-webm-vorbis: bf7c407c2cedff20999df2af8eb42d56 -> 
  custom:SearchIndexIgnoredProperties: e643bd26f0fe6173181afceb89e7c659 -> 
  custom:container-demuxer-ogg: 62fdf1f143b41e24485cea50d1cbac27 -> 
  custom:video-decoder-webm-vp8: 9c59270c3fd7afecdb556c50c9e8de78 -> 
  custom:audio-decoder-ogg-vorbis: bf7c407c2cedff20999df2af8eb42d56 -> 
